
Wed 13 Mar 2024 08:54:41 PM UTC: 
 exercises.c | 17 +++++++++++++++--
 1 file changed, 15 insertions(+), 2 deletions(-)
In file included from test.c:1:
exercises.c: In function ‘reverseArray’:
exercises.c:32:1: error: expected expression before ‘}’ token
   32 | }
      | ^
Compilation failed
bc68ea2
Wed 13 Mar 2024 08:55:06 PM UTC: 
 exercises.c | 2 +-
 1 file changed, 1 insertion(+), 1 deletion(-)
In file included from test.c:1:
exercises.c: In function ‘reverseArray’:
exercises.c:32:1: error: expected expression before ‘}’ token
   32 | }
      | ^
Compilation failed
f4521b6
Wed 13 Mar 2024 08:55:37 PM UTC: 
 exercises.c | 5 -----
 1 file changed, 5 deletions(-)
test.c: In function ‘reverseArray’:
test.c:382:5: error: ‘main’ is normally a non-static function [-Werror=main]
  382 | int main(int argc, char *argv[]) {
      |     ^~~~
test.c:410:1: error: expected declaration or statement at end of input
  410 | }
      | ^
test.c:7:6: error: unused variable ‘msg’ [-Werror=unused-variable]
    7 | char msg[300];
      |      ^~~
At top level:
test.c:382:5: error: ‘main’ defined but not used [-Werror=unused-function]
  382 | int main(int argc, char *argv[]) {
      |     ^~~~
test.c:47:6: error: ‘readIntArray’ defined but not used [-Werror=unused-function]
   47 | void readIntArray(int arr[], int *size) {
      |      ^~~~~~~~~~~~
cc1: all warnings being treated as errors
Compilation failed
6410f24
Wed 13 Mar 2024 08:55:47 PM UTC: 
 exercises.c | 2 +-
 1 file changed, 1 insertion(+), 1 deletion(-)
In file included from test.c:1:
exercises.c: In function ‘reverseArray’:
exercises.c:35:59: error: expected ‘=’, ‘,’, ‘;’, ‘asm’ or ‘__attribute__’ before ‘{’ token
   35 | int *filterEvenNumbers(int arr[], int size, int *newSize) { return NULL; }
      |                                                           ^
exercises.c:45:38: error: expected ‘=’, ‘,’, ‘;’, ‘asm’ or ‘__attribute__’ before ‘{’ token
   45 |                        int result[]) {}
      |                                      ^
exercises.c:53:38: error: expected ‘=’, ‘,’, ‘;’, ‘asm’ or ‘__attribute__’ before ‘{’ token
   53 | int checkSorted(int arr[], int size) { return -2; }
      |                                      ^
exercises.c:66:3: error: storage class specified for parameter ‘Autor’
   66 | } Autor;
      |   ^~~~~
exercises.c:70:3: error: expected specifier-qualifier-list before ‘Autor’
   70 |   Autor autor;
      |   ^~~~~
exercises.c:72:3: error: storage class specified for parameter ‘Libro’
   72 | } Libro;
      |   ^~~~~
exercises.c:74:23: error: expected declaration specifiers or ‘...’ before ‘Libro’
   74 | void inicializarLibro(Libro *libro, const char *titulo, const char *nombreAutor,
      |                       ^~~~~
exercises.c:91:3: error: storage class specified for parameter ‘Nodo’
   91 | } Nodo;
      |   ^~~~
exercises.c:93:1: error: expected declaration specifiers before ‘Nodo’
   93 | Nodo *crearListaEnlazada(int arr[], int size) { return NULL; }
      | ^~~~
In file included from test.c:5:
/nix/store/4pqv2mwdn88h7xvsm7a5zplrd8sxzvw0-glibc-2.35-163-dev/include/time.h:72:16: error: storage class specified for parameter ‘clock’
   72 | extern clock_t clock (void) __THROW;
      |                ^~~~~
/nix/store/4pqv2mwdn88h7xvsm7a5zplrd8sxzvw0-glibc-2.35-163-dev/include/time.h:76:15: error: storage class specified for parameter ‘time’
   76 | extern time_t time (time_t *__timer) __THROW;
      |               ^~~~
/nix/store/4pqv2mwdn88h7xvsm7a5zplrd8sxzvw0-glibc-2.35-163-dev/include/time.h:79:15: error: storage class specified for parameter ‘difftime’
   79 | extern double difftime (time_t __time1, time_t __time0)
      |               ^~~~~~~~
/nix/store/4pqv2mwdn88h7xvsm7a5zplrd8sxzvw0-glibc-2.35-163-dev/include/time.h:83:15: error: storage class specified for parameter ‘mktime’
   83 | extern time_t mktime (struct tm *__tp) __THROW;
      |               ^~~~~~
/nix/store/4pqv2mwdn88h7xvsm7a5zplrd8sxzvw0-glibc-2.35-163-dev/include/time.h:100:15: error: storage class specified for parameter ‘strftime’
  100 | extern size_t strftime (char *__restrict __s, size_t __maxsize,
      |               ^~~~~~~~
/nix/store/4pqv2mwdn88h7xvsm7a5zplrd8sxzvw0-glibc-2.35-163-dev/include/time.h:116:15: error: storage class specified for parameter ‘strftime_l’
  116 | extern size_t strftime_l (char *__restrict __s, size_t __maxsize,
      |               ^~~~~~~~~~
/nix/store/4pqv2mwdn88h7xvsm7a5zplrd8sxzvw0-glibc-2.35-163-dev/include/time.h:132:19: error: storage class specified for parameter ‘gmtime’
  132 | extern struct tm *gmtime (const time_t *__timer) __THROW;
      |                   ^~~~~~
/nix/store/4pqv2mwdn88h7xvsm7a5zplrd8sxzvw0-glibc-2.35-163-dev/include/time.h:136:19: error: storage class specified for parameter ‘localtime’
  136 | extern struct tm *localtime (const time_t *__timer) __THROW;
      |                   ^~~~~~~~~
/nix/store/4pqv2mwdn88h7xvsm7a5zplrd8sxzvw0-glibc-2.35-163-dev/include/time.h:154:19: error: storage class specified for parameter ‘gmtime_r’
  154 | extern struct tm *gmtime_r (const time_t *__restrict __timer,
      |                   ^~~~~~~~
/nix/store/4pqv2mwdn88h7xvsm7a5zplrd8sxzvw0-glibc-2.35-163-dev/include/time.h:159:19: error: storage class specified for parameter ‘localtime_r’
  159 | extern struct tm *localtime_r (const time_t *__restrict __timer,
      |                   ^~~~~~~~~~~
/nix/store/4pqv2mwdn88h7xvsm7a5zplrd8sxzvw0-glibc-2.35-163-dev/include/time.h:179:14: error: storage class specified for parameter ‘asctime’
  179 | extern char *asctime (const struct tm *__tp) __THROW;
      |              ^~~~~~~
/nix/store/4pqv2mwdn88h7xvsm7a5zplrd8sxzvw0-glibc-2.35-163-dev/include/time.h:183:14: error: storage class specified for parameter ‘ctime’
  183 | extern char *ctime (const time_t *__timer) __THROW;
      |              ^~~~~
/nix/store/4pqv2mwdn88h7xvsm7a5zplrd8sxzvw0-glibc-2.35-163-dev/include/time.h:197:14: error: storage class specified for parameter ‘asctime_r’
  197 | extern char *asctime_r (const struct tm *__restrict __tp,
      |              ^~~~~~~~~
/nix/store/4pqv2mwdn88h7xvsm7a5zplrd8sxzvw0-glibc-2.35-163-dev/include/time.h:202:14: error: storage class specified for parameter ‘ctime_r’
  202 | extern char *ctime_r (const time_t *__restrict __timer,
      |              ^~~~~~~
/nix/store/4pqv2mwdn88h7xvsm7a5zplrd8sxzvw0-glibc-2.35-163-dev/include/time.h:217:14: error: storage class specified for parameter ‘__tzname’
  217 | extern char *__tzname[2];       /* Current timezone names.  */
      |              ^~~~~~~~
/nix/store/4pqv2mwdn88h7xvsm7a5zplrd8sxzvw0-glibc-2.35-163-dev/include/time.h:218:12: error: storage class specified for parameter ‘__daylight’
  218 | extern int __daylight;          /* If daylight-saving time is ever in use.  */
      |            ^~~~~~~~~~
/nix/store/4pqv2mwdn88h7xvsm7a5zplrd8sxzvw0-glibc-2.35-163-dev/include/time.h:219:17: error: storage class specified for parameter ‘__timezone’
  219 | extern long int __timezone;     /* Seconds west of UTC.  */
      |                 ^~~~~~~~~~
/nix/store/4pqv2mwdn88h7xvsm7a5zplrd8sxzvw0-glibc-2.35-163-dev/include/time.h:224:14: error: storage class specified for parameter ‘tzname’
  224 | extern char *tzname[2];
      |              ^~~~~~
/nix/store/4pqv2mwdn88h7xvsm7a5zplrd8sxzvw0-glibc-2.35-163-dev/include/time.h:228:13: error: storage class specified for parameter ‘tzset’
  228 | extern void tzset (void) __THROW;
      |             ^~~~~
/nix/store/4pqv2mwdn88h7xvsm7a5zplrd8sxzvw0-glibc-2.35-163-dev/include/time.h:232:12: error: storage class specified for parameter ‘daylight’
  232 | extern int daylight;
      |            ^~~~~~~~
/nix/store/4pqv2mwdn88h7xvsm7a5zplrd8sxzvw0-glibc-2.35-163-dev/include/time.h:233:17: error: storage class specified for parameter ‘timezone’
  233 | extern long int timezone;
      |                 ^~~~~~~~
/nix/store/4pqv2mwdn88h7xvsm7a5zplrd8sxzvw0-glibc-2.35-163-dev/include/time.h:249:15: error: storage class specified for parameter ‘timegm’
  249 | extern time_t timegm (struct tm *__tp) __THROW;
      |               ^~~~~~
/nix/store/4pqv2mwdn88h7xvsm7a5zplrd8sxzvw0-glibc-2.35-163-dev/include/time.h:251:15: error: storage class specified for parameter ‘timelocal’
  251 | extern time_t timelocal (struct tm *__tp) __THROW;
      |               ^~~~~~~~~
/nix/store/4pqv2mwdn88h7xvsm7a5zplrd8sxzvw0-glibc-2.35-163-dev/include/time.h:262:12: error: storage class specified for parameter ‘dysize’
  262 | extern int dysize (int __year) __THROW  __attribute__ ((__const__));
      |            ^~~~~~
/nix/store/4pqv2mwdn88h7xvsm7a5zplrd8sxzvw0-glibc-2.35-163-dev/include/time.h:272:12: error: storage class specified for parameter ‘nanosleep’
  272 | extern int nanosleep (const struct timespec *__requested_time,
      |            ^~~~~~~~~
/nix/store/4pqv2mwdn88h7xvsm7a5zplrd8sxzvw0-glibc-2.35-163-dev/include/time.h:276:12: error: storage class specified for parameter ‘clock_getres’
  276 | extern int clock_getres (clockid_t __clock_id, struct timespec *__res) __THROW;
      |            ^~~~~~~~~~~~
/nix/store/4pqv2mwdn88h7xvsm7a5zplrd8sxzvw0-glibc-2.35-163-dev/include/time.h:279:12: error: storage class specified for parameter ‘clock_gettime’
  279 | extern int clock_gettime (clockid_t __clock_id, struct timespec *__tp) __THROW;
      |            ^~~~~~~~~~~~~
/nix/store/4pqv2mwdn88h7xvsm7a5zplrd8sxzvw0-glibc-2.35-163-dev/include/time.h:282:12: error: storage class specified for parameter ‘clock_settime’
  282 | extern int clock_settime (clockid_t __clock_id, const struct timespec *__tp)
      |            ^~~~~~~~~~~~~
/nix/store/4pqv2mwdn88h7xvsm7a5zplrd8sxzvw0-glibc-2.35-163-dev/include/time.h:311:12: error: storage class specified for parameter ‘clock_nanosleep’
  311 | extern int clock_nanosleep (clockid_t __clock_id, int __flags,
      |            ^~~~~~~~~~~~~~~
/nix/store/4pqv2mwdn88h7xvsm7a5zplrd8sxzvw0-glibc-2.35-163-dev/include/time.h:326:12: error: storage class specified for parameter ‘clock_getcpuclockid’
  326 | extern int clock_getcpuclockid (pid_t __pid, clockid_t *__clock_id) __THROW;
      |            ^~~~~~~~~~~~~~~~~~~
/nix/store/4pqv2mwdn88h7xvsm7a5zplrd8sxzvw0-glibc-2.35-163-dev/include/time.h:331:12: error: storage class specified for parameter ‘timer_create’
  331 | extern int timer_create (clockid_t __clock_id,
      |            ^~~~~~~~~~~~
/nix/store/4pqv2mwdn88h7xvsm7a5zplrd8sxzvw0-glibc-2.35-163-dev/include/time.h:336:12: error: storage class specified for parameter ‘timer_delete’
  336 | extern int timer_delete (timer_t __timerid) __THROW;
      |            ^~~~~~~~~~~~
/nix/store/4pqv2mwdn88h7xvsm7a5zplrd8sxzvw0-glibc-2.35-163-dev/include/time.h:340:12: error: storage class specified for parameter ‘timer_settime’
  340 | extern int timer_settime (timer_t __timerid, int __flags,
      |            ^~~~~~~~~~~~~
/nix/store/4pqv2mwdn88h7xvsm7a5zplrd8sxzvw0-glibc-2.35-163-dev/include/time.h:345:12: error: storage class specified for parameter ‘timer_gettime’
  345 | extern int timer_gettime (timer_t __timerid, struct itimerspec *__value)
      |            ^~~~~~~~~~~~~
/nix/store/4pqv2mwdn88h7xvsm7a5zplrd8sxzvw0-glibc-2.35-163-dev/include/time.h:364:12: error: storage class specified for parameter ‘timer_getoverrun’
  364 | extern int timer_getoverrun (timer_t __timerid) __THROW;
      |            ^~~~~~~~~~~~~~~~
/nix/store/4pqv2mwdn88h7xvsm7a5zplrd8sxzvw0-glibc-2.35-163-dev/include/time.h:371:12: error: storage class specified for parameter ‘timespec_get’
  371 | extern int timespec_get (struct timespec *__ts, int __base)
      |            ^~~~~~~~~~~~
test.c:8:1: error: parameter ‘test_id’ is initialized
    8 | int test_id = -1;
      | ^~~
test.c:11:77: error: expected ‘=’, ‘,’, ‘;’, ‘asm’ or ‘__attribute__’ before ‘{’ token
   11 | int test_suite(int (*test)(), char *msg, int max_score, int id, int req_id) {
      |                                                                             ^
test.c:29:39: error: expected ‘=’, ‘,’, ‘;’, ‘asm’ or ‘__attribute__’ before ‘{’ token
   29 | void print_array(int arr[], int size) {
      |                                       ^
test.c:37:24: error: expected declaration specifiers or ‘...’ before ‘Nodo’
   37 | void print_linked_list(Nodo* lista) {
      |                        ^~~~
test.c:47:41: error: expected ‘=’, ‘,’, ‘;’, ‘asm’ or ‘__attribute__’ before ‘{’ token
   47 | void readIntArray(int arr[], int *size) {
      |                                         ^
test.c:60:62: error: expected ‘=’, ‘,’, ‘;’, ‘asm’ or ‘__attribute__’ before ‘{’ token
   60 | void create_random_array(int arr[], int *size, int max_size) {
      |                                                              ^
test.c:69:85: error: expected ‘=’, ‘,’, ‘;’, ‘asm’ or ‘__attribute__’ before ‘{’ token
   69 | void create_random_sorted_array(int arr[], int *size, int max_size, int descending) {
      |                                                                                     ^
test.c:77:71: error: expected ‘=’, ‘,’, ‘;’, ‘asm’ or ‘__attribute__’ before ‘{’ token
   77 | void create_random_unsorted_array(int arr[], int *size, int max_size) {
      |                                                                       ^
test.c:86:20: error: expected ‘=’, ‘,’, ‘;’, ‘asm’ or ‘__attribute__’ before ‘{’ token
   86 | int test_findMax() {
      |                    ^
test.c:117:25: error: expected ‘=’, ‘,’, ‘;’, ‘asm’ or ‘__attribute__’ before ‘{’ token
  117 | int test_reverseArray() {
      |                         ^
test.c:144:30: error: expected ‘=’, ‘,’, ‘;’, ‘asm’ or ‘__attribute__’ before ‘{’ token
  144 | int test_filterEvenNumbers() {
      |                              ^
test.c:196:22: error: expected ‘=’, ‘,’, ‘;’, ‘asm’ or ‘__attribute__’ before ‘{’ token
  196 | int test_mergeSort() {
      |                      ^
test.c:250:24: error: expected ‘=’, ‘,’, ‘;’, ‘asm’ or ‘__attribute__’ before ‘{’ token
  250 | int test_checkSorted() {
      |                        ^
test.c:289:26: error: type defaults to ‘int’ in declaration of ‘Libro’ [-Werror=implicit-int]
  289 | void imprimirLibro(const Libro *libro) {
      |                          ^~~~~
test.c:289:32: error: expected ‘;’, ‘,’ or ‘)’ before ‘*’ token
  289 | void imprimirLibro(const Libro *libro) {
      |                                ^
test.c:295:23: error: expected ‘=’, ‘,’, ‘;’, ‘asm’ or ‘__attribute__’ before ‘{’ token
  295 | int test_biblioteca() {
      |                       ^
test.c:326:31: error: expected ‘=’, ‘,’, ‘;’, ‘asm’ or ‘__attribute__’ before ‘{’ token
  326 | int test_crearListaEnlazada() {
      |                               ^
test.c:382:34: error: expected ‘=’, ‘,’, ‘;’, ‘asm’ or ‘__attribute__’ before ‘{’ token
  382 | int main(int argc, char *argv[]) {
      |                                  ^
In file included from test.c:1:
exercises.c:26:6: error: old-style parameter declarations in prototyped function definition
   26 | void reverseArray(int arr[], int size)
      |      ^~~~~~~~~~~~
test.c:411: error: expected ‘{’ at end of input
cc1: all warnings being treated as errors
Compilation failed
9d35957
Wed 13 Mar 2024 08:56:19 PM UTC: 
 exercises.c | 2 +-
 1 file changed, 1 insertion(+), 1 deletion(-)
 tests:  0|6
total_score: 10/70
e5e770e
Wed 13 Mar 2024 09:11:12 PM UTC: 
 exercises.c | 8 +++++++-
 1 file changed, 7 insertions(+), 1 deletion(-)
In file included from test.c:1:
exercises.c: In function ‘reverseArray’:
exercises.c:32:1: error: expected expression before ‘}’ token
   32 | }
      | ^
exercises.c:27:7: error: unused variable ‘max’ [-Werror=unused-variable]
   27 |   int max = size - 1;
      |       ^~~
cc1: all warnings being treated as errors
Compilation failed
240dc70
Wed 13 Mar 2024 09:12:34 PM UTC: 
 exercises.c | 9 ++-------
 1 file changed, 2 insertions(+), 7 deletions(-)
 tests:  0|6
total_score: 10/70
956e07f
Thu 14 Mar 2024 09:17:26 PM UTC: 
 exercises.c | 12 +++++++++---
 1 file changed, 9 insertions(+), 3 deletions(-)
In file included from test.c:1:
exercises.c: In function ‘reverseArray’:
exercises.c:30:1: error: expected expression before ‘}’ token
   30 | }
      | ^
exercises.c:27:7: error: unused variable ‘temp’ [-Werror=unused-variable]
   27 |   int temp;
      |       ^~~~
cc1: all warnings being treated as errors
Compilation failed
cda226d
Thu 14 Mar 2024 09:17:59 PM UTC: 
 exercises.c | 6 +-----
 1 file changed, 1 insertion(+), 5 deletions(-)
 tests:  0|6
total_score: 10/70
b2aef9b
Thu 14 Mar 2024 09:21:21 PM UTC: 
 exercises.c | 14 +++++++++++++-
 1 file changed, 13 insertions(+), 1 deletion(-)
 tests:  0|0
dfa7863
Thu 14 Mar 2024 09:22:33 PM UTC: 
 exercises.c | 2 +-
 1 file changed, 1 insertion(+), 1 deletion(-)
 tests:  0|6
total_score: 10/70
dd37aff
Thu 14 Mar 2024 09:24:26 PM UTC: 
 exercises.c | 5 +++--
 1 file changed, 3 insertions(+), 2 deletions(-)
 tests:  0|6
total_score: 10/70
d329497
Thu 14 Mar 2024 09:25:37 PM UTC: 
 exercises.c | 2 +-
 1 file changed, 1 insertion(+), 1 deletion(-)
 tests:  0|5
total_score: 20/70
4634b01
Thu 14 Mar 2024 09:43:06 PM UTC: 
 exercises.c | 32 +++++++++++++++++++++++++++++++-
 1 file changed, 31 insertions(+), 1 deletion(-)
 tests:  0|4
total_score: 30/70
ac12768
Thu 14 Mar 2024 09:55:56 PM UTC: 
 exercises.c | 31 +++++++++++++++++++++++++++++--
 1 file changed, 29 insertions(+), 2 deletions(-)
 tests:  0|3
total_score: 40/70
2ce7490
Thu 14 Mar 2024 10:21:29 PM UTC: 
 exercises.c | 34 +++++++++++++++++++++++++++++++++-
 1 file changed, 33 insertions(+), 1 deletion(-)
 tests:  0|2
total_score: 50/70
8e43542
Thu 14 Mar 2024 10:23:56 PM UTC: 
 exercises.c | 11 +++++++++--
 1 file changed, 9 insertions(+), 2 deletions(-)
 tests:  0|1
total_score: 60/70
62fc5ad
Thu 14 Mar 2024 10:34:57 PM UTC: 
 exercises.c | 29 ++++++++++++++++++++++++++++-
 1 file changed, 28 insertions(+), 1 deletion(-)
In file included from test.c:1:
exercises.c: In function ‘crearListaEnlazada’:
exercises.c:210:7: error: this ‘if’ clause does not guard... [-Werror=misleading-indentation]
  210 |       if (nuevoNodo == NULL);
      |       ^~
exercises.c:211:7: note: ...this statement, but the latter is misleadingly indented as if it were guarded by the ‘if’
  211 |       {
      |       ^
cc1: all warnings being treated as errors
Compilation failed
65af197
Thu 14 Mar 2024 10:35:07 PM UTC: 
 exercises.c | 2 +-
 1 file changed, 1 insertion(+), 1 deletion(-)
 tests:  0|0
total_score: 70/70
8535478
